[0227/161838:INFO:user_input_monitor_win.cc(168)] RegisterRawInputDevices() failed for RIDEV_REMOVE: The parameter is incorrect. (0x57)
[0227/161842:ERROR:audio_output_device.cc(369)] IO loop going away before the audio device has been stopped
[0227/161842:ERROR:audio_input_device.cc(269)] IO loop going away before the input device has been stopped
[0227/163741.322:ERROR:audio_output_device.cc(425)] IO loop going away before the audio device has been stopped
[0227/163756.015:INFO:user_input_monitor_win.cc(171)] RegisterRawInputDevices() failed for RIDEV_REMOVE: The parameter is incorrect. (0x57)
[0227/163812.534:INFO:user_input_monitor_win.cc(171)] RegisterRawInputDevices() failed for RIDEV_REMOVE: The parameter is incorrect. (0x57)
[0227/163816.970:ERROR:audio_output_device.cc(425)] IO loop going away before the audio device has been stopped
[0227/165104.252:ERROR:audio_output_device.cc(425)] IO loop going away before the audio device has been stopped
[0227/165741.013:ERROR:audio_output_device.cc(425)] IO loop going away before the audio device has been stopped
[0227/170132.406:ERROR:audio_output_device.cc(425)] IO loop going away before the audio device has been stopped
[0227/170431.307:ERROR:audio_output_device.cc(425)] IO loop going away before the audio device has been stopped
[0227/170436.887:ERROR:audio_output_device.cc(425)] IO loop going away before the audio device has been stopped
[0227/170438.201:INFO:user_input_monitor_win.cc(171)] RegisterRawInputDevices() failed for RIDEV_REMOVE: The parameter is incorrect. (0x57)
[0227/170449.972:INFO:user_input_monitor_win.cc(171)] RegisterRawInputDevices() failed for RIDEV_REMOVE: The parameter is incorrect. (0x57)
[0227/170452.622:ERROR:audio_output_device.cc(425)] IO loop going away before the audio device has been stopped
[0227/170453.974:INFO:user_input_monitor_win.cc(171)] RegisterRawInputDevices() failed for RIDEV_REMOVE: The parameter is incorrect. (0x57)
[0227/170505.326:ERROR:audio_output_device.cc(425)] IO loop going away before the audio device has been stopped
[0227/170506.672:INFO:user_input_monitor_win.cc(171)] RegisterRawInputDevices() failed for RIDEV_REMOVE: The parameter is incorrect. (0x57)
[0402/125727.053:WARNING:quota_manager.cc(1833)] Create directory failed for path
[0402/125727.054:WARNING:quota_manager.cc(1833)] Create directory failed for path
[0402/151249.048:WARNING:quota_manager.cc(1833)] Create directory failed for path
[0402/151249.093:WARNING:quota_manager.cc(1833)] Create directory failed for path
[0402/151550.444:WARNING:quota_manager.cc(1833)] Create directory failed for path
[0402/151550.445:WARNING:quota_manager.cc(1833)] Create directory failed for path
[0402/153437.102:WARNING:quota_manager.cc(1833)] Create directory failed for path
[0402/153437.104:WARNING:quota_manager.cc(1833)] Create directory failed for path
[0402/155512.064:WARNING:quota_manager.cc(1833)] Create directory failed for path
[0402/155512.067:WARNING:quota_manager.cc(1833)] Create directory failed for path
[0402/155512.130:WARNING:quota_manager.cc(1833)] Create directory failed for path
[0402/155512.140:WARNING:quota_manager.cc(1833)] Create directory failed for path
[0402/155728.874:WARNING:quota_manager.cc(1833)] Create directory failed for path
[0402/155728.875:WARNING:quota_manager.cc(1833)] Create directory failed for path
[0402/155820.882:WARNING:quota_manager.cc(1833)] Create directory failed for path
[0402/160459.357:WARNING:quota_manager.cc(1833)] Create directory failed for path
[0402/160459.360:WARNING:quota_manager.cc(1833)] Create directory failed for path
[0402/160459.362:WARNING:quota_manager.cc(1833)] Create directory failed for path
[0402/160459.366:WARNING:quota_manager.cc(1833)] Create directory failed for path
[0403/112807.045:ERROR:broker_win.cc(59)] Error reading broker pipe: The pipe has been ended. (0x6D)
[0403/112827.884:WARNING:quota_manager.cc(1833)] Create directory failed for path
[0403/112827.886:WARNING:quota_manager.cc(1833)] Create directory failed for path
[0403/112830.309:WARNING:spdy_session.cc(2224)] Received HEADERS for invalid stream 7
[0403/112857.512:WARNING:spdy_session.cc(2224)] Received HEADERS for invalid stream 25
[0409/103454.294:ERROR:broker_win.cc(59)] Error reading broker pipe: The pipe has been ended. (0x6D)
[0416/113056.451:ERROR:browser_host_impl.cc(1548)] Invalid URL passed to CefBrowserHostImpl::LoadURL: 
[0416/114944.821:WARNING:spdy_session.cc(2224)] Received HEADERS for invalid stream 25
[0416/114944.853:WARNING:spdy_session.cc(2224)] Received HEADERS for invalid stream 29
[0416/114945.032:WARNING:spdy_session.cc(2224)] Received HEADERS for invalid stream 39
[0416/115317.333:WARNING:spdy_session.cc(2224)] Received HEADERS for invalid stream 1
[0416/115429.721:WARNING:spdy_session.cc(2224)] Received HEADERS for invalid stream 21
[0416/115625.570:WARNING:spdy_session.cc(2224)] Received HEADERS for invalid stream 23
[0416/142826.217:WARNING:quota_manager.cc(1833)] Create directory failed for path
[0416/142826.218:WARNING:quota_manager.cc(1833)] Create directory failed for path
[0416/142852.533:WARNING:htmlmediaelement.cpp(1954)] currentPlaybackPosition readyState = 4 but no webMeidaPlayer to provide currentPlaybackPosition
[0416/142902.972:WARNING:audio_output_dispatcher_impl.cc(138)] Active proxy streams during shutdown: 1
[0416/142902.998:ERROR:broker_win.cc(138)] Error sending sync broker message
[0416/142902.998:WARNING:child_thread_impl.cc(738)] Browser failed to allocate shared memory
[0416/144913.170:WARNING:quota_manager.cc(1833)] Create directory failed for path
[0416/144913.171:WARNING:quota_manager.cc(1833)] Create directory failed for path
[0416/144959.685:WARNING:htmlmediaelement.cpp(1954)] currentPlaybackPosition readyState = 4 but no webMeidaPlayer to provide currentPlaybackPosition
[0416/145010.512:WARNING:audio_output_dispatcher_impl.cc(138)] Active proxy streams during shutdown: 1
[0416/145010.590:WARNING:audio_sync_reader.cc(166)] AudioSyncReader::Read timed out, audio glitch count=1
[0416/145010.612:WARNING:audio_sync_reader.cc(166)] AudioSyncReader::Read timed out, audio glitch count=2
[0416/145014.297:WARNING:audio_sync_reader.cc(166)] AudioSyncReader::Read timed out, audio glitch count=3
[0416/145033.452:WARNING:quota_manager.cc(1833)] Create directory failed for path
[0416/145033.453:WARNING:quota_manager.cc(1833)] Create directory failed for path
[0416/145206.736:WARNING:spdy_session.cc(2224)] Received HEADERS for invalid stream 3
[0416/145206.885:WARNING:spdy_session.cc(2224)] Received HEADERS for invalid stream 5
[0416/145208.815:WARNING:spdy_session.cc(2224)] Received HEADERS for invalid stream 13
[0416/145209.352:WARNING:spdy_session.cc(2224)] Received HEADERS for invalid stream 19
[0416/145225.168:WARNING:spdy_session.cc(2224)] Received HEADERS for invalid stream 23
[0416/145230.053:WARNING:spdy_session.cc(2224)] Received HEADERS for invalid stream 47
[0416/145231.150:WARNING:spdy_session.cc(2224)] Received HEADERS for invalid stream 55
[0416/145232.065:WARNING:htmlmediaelement.cpp(1954)] currentPlaybackPosition readyState = 4 but no webMeidaPlayer to provide currentPlaybackPosition
[0416/151526.587:WARNING:quota_manager.cc(1833)] Create directory failed for path
[0416/151526.587:WARNING:quota_manager.cc(1833)] Create directory failed for path
[0416/151534.771:WARNING:spdy_session.cc(2224)] Received HEADERS for invalid stream 57
[0416/151535.001:WARNING:spdy_session.cc(2224)] Received HEADERS for invalid stream 59
[0416/151536.596:WARNING:spdy_session.cc(2224)] Received HEADERS for invalid stream 87
[0416/151537.776:WARNING:spdy_session.cc(2224)] Received HEADERS for invalid stream 105
[0416/151538.728:WARNING:spdy_session.cc(2224)] Received HEADERS for invalid stream 123
[0416/151539.163:WARNING:spdy_session.cc(2224)] Received HEADERS for invalid stream 125
[0416/152103.360:WARNING:quota_manager.cc(1833)] Create directory failed for path
[0416/152103.361:WARNING:quota_manager.cc(1833)] Create directory failed for path
[0416/152435.170:WARNING:quota_manager.cc(1833)] Create directory failed for path
[0416/152435.172:WARNING:quota_manager.cc(1833)] Create directory failed for path
[0416/152442.166:WARNING:spdy_session.cc(2224)] Received HEADERS for invalid stream 37
[0416/152443.115:WARNING:spdy_session.cc(2224)] Received HEADERS for invalid stream 55
[0416/152443.602:WARNING:spdy_session.cc(2224)] Received HEADERS for invalid stream 57
[0416/152443.833:WARNING:spdy_session.cc(2224)] Received HEADERS for invalid stream 59
[0416/152444.585:WARNING:spdy_session.cc(2224)] Received HEADERS for invalid stream 61
[0416/152444.785:WARNING:spdy_session.cc(2224)] Received HEADERS for invalid stream 63
[0416/152445.209:WARNING:spdy_session.cc(2224)] Received HEADERS for invalid stream 65
[0416/152445.642:WARNING:spdy_session.cc(2224)] Received HEADERS for invalid stream 67
[0416/152445.764:WARNING:spdy_session.cc(2224)] Received HEADERS for invalid stream 69
[0416/152519.083:WARNING:quota_manager.cc(1833)] Create directory failed for path
[0416/152519.084:WARNING:quota_manager.cc(1833)] Create directory failed for path
[0416/152641.742:WARNING:quota_manager.cc(1833)] Create directory failed for path
[0416/152641.744:WARNING:quota_manager.cc(1833)] Create directory failed for path
[0416/213733.358:WARNING:quota_manager.cc(1833)] Create directory failed for path
[0416/213733.358:WARNING:quota_manager.cc(1833)] Create directory failed for path
[0417/102706.844:WARNING:quota_manager.cc(1833)] Create directory failed for path
[0417/102706.907:WARNING:quota_manager.cc(1833)] Create directory failed for path
[0417/102716.862:WARNING:htmlmediaelement.cpp(1954)] currentPlaybackPosition readyState = 4 but no webMeidaPlayer to provide currentPlaybackPosition
[0417/102741.626:WARNING:audio_output_dispatcher_impl.cc(138)] Active proxy streams during shutdown: 1
[0417/102741.731:WARNING:audio_sync_reader.cc(166)] AudioSyncReader::Read timed out, audio glitch count=1
[0417/102741.778:WARNING:audio_sync_reader.cc(166)] AudioSyncReader::Read timed out, audio glitch count=2
[0417/102741.810:WARNING:audio_sync_reader.cc(166)] AudioSyncReader::Read timed out, audio glitch count=3
[0417/102741.839:WARNING:audio_sync_reader.cc(166)] AudioSyncReader::Read timed out, audio glitch count=4
[0417/102741.870:WARNING:audio_sync_reader.cc(166)] AudioSyncReader::Read timed out, audio glitch count=5
[0417/102745.006:WARNING:audio_sync_reader.cc(166)] AudioSyncReader::Read timed out, audio glitch count=6
[0417/102745.030:WARNING:audio_sync_reader.cc(166)] AudioSyncReader::Read timed out, audio glitch count=7
[0418/000747.858:WARNING:quota_manager.cc(1833)] Create directory failed for path
[0418/000747.910:WARNING:quota_manager.cc(1833)] Create directory failed for path
[0418/000753.843:WARNING:htmlmediaelement.cpp(1954)] currentPlaybackPosition readyState = 4 but no webMeidaPlayer to provide currentPlaybackPosition
[0418/000808.865:WARNING:htmlmediaelement.cpp(1954)] currentPlaybackPosition readyState = 4 but no webMeidaPlayer to provide currentPlaybackPosition
[0420/103002.400:WARNING:quota_manager.cc(1833)] Create directory failed for path
[0420/103002.453:WARNING:quota_manager.cc(1833)] Create directory failed for path
[0420/103005.344:WARNING:quota_manager.cc(1833)] Create directory failed for path
[0420/103005.432:WARNING:quota_manager.cc(1833)] Create directory failed for path
[0420/103005.437:WARNING:quota_manager.cc(1833)] Create directory failed for path
[0420/103015.471:WARNING:quota_manager.cc(1833)] Create directory failed for path
[0420/103022.433:WARNING:quota_manager.cc(1833)] Create directory failed for path
[0420/103022.443:WARNING:quota_manager.cc(1833)] Create directory failed for path
[0420/103022.450:WARNING:quota_manager.cc(1833)] Create directory failed for path
[0420/103022.456:WARNING:quota_manager.cc(1833)] Create directory failed for path
[0420/103022.623:WARNING:quota_manager.cc(1833)] Create directory failed for path
[0420/103022.740:WARNING:quota_manager.cc(1833)] Create directory failed for path
[0420/103027.028:WARNING:quota_manager.cc(1833)] Create directory failed for path
[0420/103027.031:WARNING:quota_manager.cc(1833)] Create directory failed for path
[0420/103030.223:WARNING:quota_manager.cc(1833)] Create directory failed for path
[0420/103030.390:WARNING:quota_manager.cc(1833)] Create directory failed for path
[0420/103030.895:WARNING:quota_manager.cc(1833)] Create directory failed for path
[0420/103030.919:ERROR:render_media_log.cc(25)] MediaEvent: PIPELINE_ERROR demuxer: could not open
[0420/103030.945:ERROR:render_media_log.cc(25)] MediaEvent: PIPELINE_ERROR demuxer: could not open
[0420/103030.948:ERROR:render_media_log.cc(25)] MediaEvent: PIPELINE_ERROR demuxer: could not open
[0420/103030.957:WARNING:quota_manager.cc(1833)] Create directory failed for path
[0420/103030.960:WARNING:quota_manager.cc(1833)] Create directory failed for path
[0420/103030.975:WARNING:quota_manager.cc(1833)] Create directory failed for path
[0420/103030.999:WARNING:quota_manager.cc(1833)] Create directory failed for path
[0420/103031.071:WARNING:quota_manager.cc(1833)] Create directory failed for path
[0420/103031.166:WARNING:quota_manager.cc(1833)] Create directory failed for path
[0420/103031.449:WARNING:quota_manager.cc(1833)] Create directory failed for path
[0420/103031.450:WARNING:quota_manager.cc(1833)] Create directory failed for path
[0420/103031.451:WARNING:quota_manager.cc(1833)] Create directory failed for path
[0420/103031.451:WARNING:quota_manager.cc(1833)] Create directory failed for path
[0420/103031.452:WARNING:quota_manager.cc(1833)] Create directory failed for path
[0420/103031.452:WARNING:quota_manager.cc(1833)] Create directory failed for path
[0420/103031.453:WARNING:quota_manager.cc(1833)] Create directory failed for path
[0420/103031.454:WARNING:quota_manager.cc(1833)] Create directory failed for path
[0420/103031.454:WARNING:quota_manager.cc(1833)] Create directory failed for path
[0420/103031.455:WARNING:quota_manager.cc(1833)] Create directory failed for path
[0420/103031.456:WARNING:quota_manager.cc(1833)] Create directory failed for path
[0420/103031.457:WARNING:quota_manager.cc(1833)] Create directory failed for path
[0420/103031.458:WARNING:quota_manager.cc(1833)] Create directory failed for path
[0420/103031.459:WARNING:quota_manager.cc(1833)] Create directory failed for path
[0420/103031.461:WARNING:quota_manager.cc(1833)] Create directory failed for path
[0420/103031.463:WARNING:quota_manager.cc(1833)] Create directory failed for path
[0420/103031.463:WARNING:quota_manager.cc(1833)] Create directory failed for path
[0420/103031.463:WARNING:quota_manager.cc(1833)] Create directory failed for path
[0420/103031.464:WARNING:quota_manager.cc(1833)] Create directory failed for path
[0420/103031.465:WARNING:quota_manager.cc(1833)] Create directory failed for path
[0420/103031.466:WARNING:quota_manager.cc(1833)] Create directory failed for path
[0420/103031.466:WARNING:quota_manager.cc(1833)] Create directory failed for path
[0420/103031.589:WARNING:quota_manager.cc(1833)] Create directory failed for path
[0420/103031.592:WARNING:quota_manager.cc(1833)] Create directory failed for path
[0420/103031.594:WARNING:quota_manager.cc(1833)] Create directory failed for path
[0420/103031.596:WARNING:quota_manager.cc(1833)] Create directory failed for path
[0420/103031.603:WARNING:quota_manager.cc(1833)] Create directory failed for path
[0420/103031.691:WARNING:quota_manager.cc(1833)] Create directory failed for path
[0420/103031.692:WARNING:quota_manager.cc(1833)] Create directory failed for path
[0420/103031.694:WARNING:quota_manager.cc(1833)] Create directory failed for path
[0420/103031.696:WARNING:quota_manager.cc(1833)] Create directory failed for path
[0420/103031.698:WARNING:quota_manager.cc(1833)] Create directory failed for path
[0420/103031.702:WARNING:quota_manager.cc(1833)] Create directory failed for path
[0420/103031.719:WARNING:quota_manager.cc(1833)] Create directory failed for path
[0420/103031.724:WARNING:quota_manager.cc(1833)] Create directory failed for path
[0420/103031.728:WARNING:quota_manager.cc(1833)] Create directory failed for path
[0420/103031.741:WARNING:quota_manager.cc(1833)] Create directory failed for path
[0420/103031.765:WARNING:quota_manager.cc(1833)] Create directory failed for path
[0420/103031.999:WARNING:quota_manager.cc(1833)] Create directory failed for path
[0420/103032.246:WARNING:quota_manager.cc(1833)] Create directory failed for path
[0420/103032.249:WARNING:quota_manager.cc(1833)] Create directory failed for path
[0420/103032.295:WARNING:quota_manager.cc(1833)] Create directory failed for path
[0420/103032.854:WARNING:quota_manager.cc(1833)] Create directory failed for path
[0420/103032.858:WARNING:quota_manager.cc(1833)] Create directory failed for path
[0420/103032.860:WARNING:quota_manager.cc(1833)] Create directory failed for path
[0420/103032.861:WARNING:quota_manager.cc(1833)] Create directory failed for path
[0420/103032.864:WARNING:quota_manager.cc(1833)] Create directory failed for path
[0420/103032.868:WARNING:quota_manager.cc(1833)] Create directory failed for path
[0420/103032.873:WARNING:quota_manager.cc(1833)] Create directory failed for path
[0420/103032.875:WARNING:quota_manager.cc(1833)] Create directory failed for path
[0420/103032.994:WARNING:quota_manager.cc(1833)] Create directory failed for path
[0420/103032.995:WARNING:quota_manager.cc(1833)] Create directory failed for path
[0420/103033.003:WARNING:quota_manager.cc(1833)] Create directory failed for path
[0420/103033.005:WARNING:quota_manager.cc(1833)] Create directory failed for path
[0420/103033.006:WARNING:quota_manager.cc(1833)] Create directory failed for path
[0420/103033.008:WARNING:quota_manager.cc(1833)] Create directory failed for path
[0420/103033.010:WARNING:quota_manager.cc(1833)] Create directory failed for path
[0420/103033.013:WARNING:quota_manager.cc(1833)] Create directory failed for path
[0420/103033.014:WARNING:quota_manager.cc(1833)] Create directory failed for path
[0420/103033.016:WARNING:quota_manager.cc(1833)] Create directory failed for path
[0420/103033.019:WARNING:quota_manager.cc(1833)] Create directory failed for path
[0420/103033.021:WARNING:quota_manager.cc(1833)] Create directory failed for path
[0420/103033.023:WARNING:quota_manager.cc(1833)] Create directory failed for path
[0420/103033.025:WARNING:quota_manager.cc(1833)] Create directory failed for path
[0420/103033.028:WARNING:quota_manager.cc(1833)] Create directory failed for path
[0420/103033.029:WARNING:quota_manager.cc(1833)] Create directory failed for path
[0420/103033.032:WARNING:quota_manager.cc(1833)] Create directory failed for path
[0420/103033.033:WARNING:quota_manager.cc(1833)] Create directory failed for path
[0420/103033.035:WARNING:quota_manager.cc(1833)] Create directory failed for path
[0420/103033.525:WARNING:quota_manager.cc(1833)] Create directory failed for path
[0420/103033.538:WARNING:quota_manager.cc(1833)] Create directory failed for path
[0420/103033.613:WARNING:quota_manager.cc(1833)] Create directory failed for path
[0420/103033.616:WARNING:quota_manager.cc(1833)] Create directory failed for path
[0420/103033.625:WARNING:quota_manager.cc(1833)] Create directory failed for path
[0420/103033.641:WARNING:quota_manager.cc(1833)] Create directory failed for path
[0420/103033.654:WARNING:quota_manager.cc(1833)] Create directory failed for path
[0420/103033.777:WARNING:quota_manager.cc(1833)] Create directory failed for path
[0420/103033.792:WARNING:quota_manager.cc(1833)] Create directory failed for path
[0420/103033.959:WARNING:quota_manager.cc(1833)] Create directory failed for path
[0420/103034.084:WARNING:quota_manager.cc(1833)] Create directory failed for path
[0420/103034.086:WARNING:quota_manager.cc(1833)] Create directory failed for path
[0420/103034.089:WARNING:quota_manager.cc(1833)] Create directory failed for path
[0420/103034.243:WARNING:quota_manager.cc(1833)] Create directory failed for path
[0420/103034.260:WARNING:quota_manager.cc(1833)] Create directory failed for path
[0420/103034.410:WARNING:quota_manager.cc(1833)] Create directory failed for path
[0420/103034.412:WARNING:quota_manager.cc(1833)] Create directory failed for path
[0420/103034.416:WARNING:quota_manager.cc(1833)] Create directory failed for path
[0420/103034.420:WARNING:quota_manager.cc(1833)] Create directory failed for path
[0420/103034.429:WARNING:quota_manager.cc(1833)] Create directory failed for path
[0420/103034.434:WARNING:quota_manager.cc(1833)] Create directory failed for path
[0420/103034.435:WARNING:quota_manager.cc(1833)] Create directory failed for path
[0420/103034.437:WARNING:quota_manager.cc(1833)] Create directory failed for path
[0420/103034.445:WARNING:quota_manager.cc(1833)] Create directory failed for path
[0420/103034.448:WARNING:quota_manager.cc(1833)] Create directory failed for path
[0420/103034.449:WARNING:quota_manager.cc(1833)] Create directory failed for path
[0420/103034.452:WARNING:quota_manager.cc(1833)] Create directory failed for path
[0420/103034.456:WARNING:quota_manager.cc(1833)] Create directory failed for path
[0420/103034.461:WARNING:quota_manager.cc(1833)] Create directory failed for path
[0420/103034.466:WARNING:quota_manager.cc(1833)] Create directory failed for path
[0420/103034.472:WARNING:quota_manager.cc(1833)] Create directory failed for path
[0420/103034.704:WARNING:quota_manager.cc(1833)] Create directory failed for path
[0420/103035.111:WARNING:quota_manager.cc(1833)] Create directory failed for path
[0420/103035.216:WARNING:quota_manager.cc(1833)] Create directory failed for path
[0420/103035.218:WARNING:quota_manager.cc(1833)] Create directory failed for path
[0420/103035.219:WARNING:quota_manager.cc(1833)] Create directory failed for path
[0420/103035.221:WARNING:quota_manager.cc(1833)] Create directory failed for path
[0420/103035.226:WARNING:quota_manager.cc(1833)] Create directory failed for path
[0420/103035.227:WARNING:quota_manager.cc(1833)] Create directory failed for path
[0420/103035.230:WARNING:quota_manager.cc(1833)] Create directory failed for path
[0420/103035.235:WARNING:quota_manager.cc(1833)] Create directory failed for path
[0420/103036.194:WARNING:quota_manager.cc(1833)] Create directory failed for path
[0420/103036.207:WARNING:quota_manager.cc(1833)] Create directory failed for path
[0420/103036.218:WARNING:quota_manager.cc(1833)] Create directory failed for path
[0420/103036.338:WARNING:quota_manager.cc(1833)] Create directory failed for path
[0420/103036.339:WARNING:quota_manager.cc(1833)] Create directory failed for path
[0420/103036.341:WARNING:quota_manager.cc(1833)] Create directory failed for path
[0420/103036.342:WARNING:quota_manager.cc(1833)] Create directory failed for path
[0420/103036.344:WARNING:quota_manager.cc(1833)] Create directory failed for path
[0420/103036.346:WARNING:quota_manager.cc(1833)] Create directory failed for path
[0420/103036.350:WARNING:quota_manager.cc(1833)] Create directory failed for path
[0420/103037.030:WARNING:quota_manager.cc(1833)] Create directory failed for path
[0420/103037.074:WARNING:quota_manager.cc(1833)] Create directory failed for path
[0420/103037.111:WARNING:quota_manager.cc(1833)] Create directory failed for path
[0420/103037.114:WARNING:quota_manager.cc(1833)] Create directory failed for path
[0420/103037.118:WARNING:quota_manager.cc(1833)] Create directory failed for path
[0420/103037.120:WARNING:quota_manager.cc(1833)] Create directory failed for path
[0420/103037.124:WARNING:quota_manager.cc(1833)] Create directory failed for path
[0420/103037.142:WARNING:quota_manager.cc(1833)] Create directory failed for path
[0420/103037.150:WARNING:quota_manager.cc(1833)] Create directory failed for path
[0420/103037.152:WARNING:quota_manager.cc(1833)] Create directory failed for path
[0420/103037.156:WARNING:quota_manager.cc(1833)] Create directory failed for path
[0420/103037.446:WARNING:quota_manager.cc(1833)] Create directory failed for path
[0420/103037.455:WARNING:quota_manager.cc(1833)] Create directory failed for path
[0420/103037.457:WARNING:quota_manager.cc(1833)] Create directory failed for path
[0420/103037.741:WARNING:quota_manager.cc(1833)] Create directory failed for path
[0420/103038.717:WARNING:quota_manager.cc(1833)] Create directory failed for path
[0420/103038.986:WARNING:quota_manager.cc(1833)] Create directory failed for path
[0420/103045.882:WARNING:quota_manager.cc(1833)] Create directory failed for path
[0420/103046.132:WARNING:quota_manager.cc(1833)] Create directory failed for path
[0420/103046.393:WARNING:quota_manager.cc(1833)] Create directory failed for path
[0420/103050.017:WARNING:quota_manager.cc(1833)] Create directory failed for path
[0420/103051.669:WARNING:quota_manager.cc(1833)] Create directory failed for path
[0420/103052.402:ERROR:render_media_log.cc(25)] MediaEvent: PIPELINE_ERROR demuxer: could not open
[0420/103052.668:WARNING:quota_manager.cc(1833)] Create directory failed for path
[0420/103055.531:ERROR:render_media_log.cc(25)] MediaEvent: PIPELINE_ERROR demuxer: could not open
[0420/103055.636:ERROR:render_media_log.cc(25)] MediaEvent: PIPELINE_ERROR demuxer: could not open
[0420/103056.121:WARNING:quota_manager.cc(1833)] Create directory failed for path
[0420/103058.135:ERROR:render_media_log.cc(25)] MediaEvent: PIPELINE_ERROR demuxer: could not open
[0420/103058.488:WARNING:quota_manager.cc(1833)] Create directory failed for path
[0420/103058.689:WARNING:quota_manager.cc(1833)] Create directory failed for path
[0420/103059.320:WARNING:quota_manager.cc(1833)] Create directory failed for path
[0420/103059.580:WARNING:quota_manager.cc(1833)] Create directory failed for path
[0420/103118.607:WARNING:quota_manager.cc(1833)] Create directory failed for path
[0420/103118.882:WARNING:quota_manager.cc(1833)] Create directory failed for path
[0420/103122.929:WARNING:quota_manager.cc(1833)] Create directory failed for path
[0420/103123.193:WARNING:quota_manager.cc(1833)] Create directory failed for path
[0420/103141.456:WARNING:quota_manager.cc(1833)] Create directory failed for path
[0420/103141.714:WARNING:quota_manager.cc(1833)] Create directory failed for path
[0420/103152.233:WARNING:quota_manager.cc(1833)] Create directory failed for path
[0420/103152.488:WARNING:quota_manager.cc(1833)] Create directory failed for path
[0420/103204.379:WARNING:quota_manager.cc(1833)] Create directory failed for path
[0420/103204.640:WARNING:quota_manager.cc(1833)] Create directory failed for path
[0420/103210.008:WARNING:quota_manager.cc(1833)] Create directory failed for path
[0420/103210.924:WARNING:quota_manager.cc(1833)] Create directory failed for path
[0420/103211.037:WARNING:quota_manager.cc(1833)] Create directory failed for path
[0420/103211.042:WARNING:quota_manager.cc(1833)] Create directory failed for path
[0420/103211.304:WARNING:quota_manager.cc(1833)] Create directory failed for path
[0420/103214.237:WARNING:quota_manager.cc(1833)] Create directory failed for path
[0420/103216.084:WARNING:quota_manager.cc(1833)] Create directory failed for path
[0420/103219.138:WARNING:quota_manager.cc(1833)] Create directory failed for path
[0420/103219.777:WARNING:quota_manager.cc(1833)] Create directory failed for path
[0420/103219.778:WARNING:quota_manager.cc(1833)] Create directory failed for path
[0420/103220.050:WARNING:quota_manager.cc(1833)] Create directory failed for path
[0420/103220.062:WARNING:quota_manager.cc(1833)] Create directory failed for path
[0420/103220.278:WARNING:quota_manager.cc(1833)] Create directory failed for path
[0420/103220.580:WARNING:quota_manager.cc(1833)] Create directory failed for path
[0420/103221.356:WARNING:quota_manager.cc(1833)] Create directory failed for path
[0420/103222.004:WARNING:quota_manager.cc(1833)] Create directory failed for path
[0420/103222.983:WARNING:quota_manager.cc(1833)] Create directory failed for path
[0420/103223.981:WARNING:quota_manager.cc(1833)] Create directory failed for path
[0420/103223.984:WARNING:quota_manager.cc(1833)] Create directory failed for path
[0420/103223.985:WARNING:quota_manager.cc(1833)] Create directory failed for path
[0420/103223.988:WARNING:quota_manager.cc(1833)] Create directory failed for path
[0420/103223.991:WARNING:quota_manager.cc(1833)] Create directory failed for path
[0420/103223.994:WARNING:quota_manager.cc(1833)] Create directory failed for path
[0420/103223.996:WARNING:quota_manager.cc(1833)] Create directory failed for path
[0420/103223.999:WARNING:quota_manager.cc(1833)] Create directory failed for path
[0420/103224.004:WARNING:quota_manager.cc(1833)] Create directory failed for path
[0420/103224.006:WARNING:quota_manager.cc(1833)] Create directory failed for path
[0420/103224.050:WARNING:quota_manager.cc(1833)] Create directory failed for path
[0420/103224.084:WARNING:quota_manager.cc(1833)] Create directory failed for path
[0420/103224.202:WARNING:quota_manager.cc(1833)] Create directory failed for path
[0420/103224.291:WARNING:quota_manager.cc(1833)] Create directory failed for path
[0420/103224.307:WARNING:quota_manager.cc(1833)] Create directory failed for path
[0420/103225.029:WARNING:quota_manager.cc(1833)] Create directory failed for path
[0420/103225.662:WARNING:quota_manager.cc(1833)] Create directory failed for path
[0420/103228.586:WARNING:quota_manager.cc(1833)] Create directory failed for path
[0420/103228.594:WARNING:quota_manager.cc(1833)] Create directory failed for path
[0420/103228.794:WARNING:quota_manager.cc(1833)] Create directory failed for path
[0420/103228.838:WARNING:quota_manager.cc(1833)] Create directory failed for path
[0420/103229.297:WARNING:quota_manager.cc(1833)] Create directory failed for path
[0420/103229.514:WARNING:quota_manager.cc(1833)] Create directory failed for path
[0420/103230.721:WARNING:quota_manager.cc(1833)] Create directory failed for path
[0420/103231.146:WARNING:quota_manager.cc(1833)] Create directory failed for path
[0420/103231.772:WARNING:quota_manager.cc(1833)] Create directory failed for path
[0420/103234.209:WARNING:quota_manager.cc(1833)] Create directory failed for path
[0420/103234.213:WARNING:quota_manager.cc(1833)] Create directory failed for path
[0420/103234.217:WARNING:quota_manager.cc(1833)] Create directory failed for path
[0420/103234.220:WARNING:quota_manager.cc(1833)] Create directory failed for path
[0420/103234.223:WARNING:quota_manager.cc(1833)] Create directory failed for path
[0420/103234.225:WARNING:quota_manager.cc(1833)] Create directory failed for path
[0420/103234.258:WARNING:quota_manager.cc(1833)] Create directory failed for path
[0420/103234.357:WARNING:quota_manager.cc(1833)] Create directory failed for path
[0420/103234.358:WARNING:quota_manager.cc(1833)] Create directory failed for path
[0420/103234.362:WARNING:quota_manager.cc(1833)] Create directory failed for path
[0420/103234.689:WARNING:quota_manager.cc(1833)] Create directory failed for path
[0420/103234.727:WARNING:quota_manager.cc(1833)] Create directory failed for path
[0420/103234.741:WARNING:quota_manager.cc(1833)] Create directory failed for path
[0420/103234.745:WARNING:quota_manager.cc(1833)] Create directory failed for path
[0420/103234.751:WARNING:quota_manager.cc(1833)] Create directory failed for path
[0420/103234.795:WARNING:quota_manager.cc(1833)] Create directory failed for path
[0420/103234.798:WARNING:quota_manager.cc(1833)] Create directory failed for path
[0420/103234.804:WARNING:quota_manager.cc(1833)] Create directory failed for path
[0420/103234.806:WARNING:quota_manager.cc(1833)] Create directory failed for path
[0420/103234.829:WARNING:quota_manager.cc(1833)] Create directory failed for path
[0420/103234.833:WARNING:quota_manager.cc(1833)] Create directory failed for path
[0420/103234.836:WARNING:quota_manager.cc(1833)] Create directory failed for path
[0420/103234.842:WARNING:quota_manager.cc(1833)] Create directory failed for path
[0420/103234.846:WARNING:quota_manager.cc(1833)] Create directory failed for path
[0420/103234.854:WARNING:quota_manager.cc(1833)] Create directory failed for path
[0420/103234.856:WARNING:quota_manager.cc(1833)] Create directory failed for path
[0420/103234.859:WARNING:quota_manager.cc(1833)] Create directory failed for path
[0420/103234.861:WARNING:quota_manager.cc(1833)] Create directory failed for path
[0420/103234.955:WARNING:quota_manager.cc(1833)] Create directory failed for path
[0420/103235.647:WARNING:quota_manager.cc(1833)] Create directory failed for path
[0420/103235.932:WARNING:quota_manager.cc(1833)] Create directory failed for path
[0420/103237.386:WARNING:quota_manager.cc(1833)] Create directory failed for path
[0420/103240.523:WARNING:quota_manager.cc(1833)] Create directory failed for path
[0420/103242.306:WARNING:quota_manager.cc(1833)] Create directory failed for path
[0420/103242.559:WARNING:quota_manager.cc(1833)] Create directory failed for path
[0420/103244.542:WARNING:quota_manager.cc(1833)] Create directory failed for path
[0420/103244.579:WARNING:quota_manager.cc(1833)] Create directory failed for path
[0420/103244.932:WARNING:quota_manager.cc(1833)] Create directory failed for path
[0420/103244.942:WARNING:quota_manager.cc(1833)] Create directory failed for path
[0420/103244.944:WARNING:quota_manager.cc(1833)] Create directory failed for path
[0420/103244.944:WARNING:quota_manager.cc(1833)] Create directory failed for path
[0420/103244.950:WARNING:quota_manager.cc(1833)] Create directory failed for path
[0420/103244.953:WARNING:quota_manager.cc(1833)] Create directory failed for path
[0420/103244.957:WARNING:quota_manager.cc(1833)] Create directory failed for path
[0420/103244.959:WARNING:quota_manager.cc(1833)] Create directory failed for path
[0420/103244.962:WARNING:quota_manager.cc(1833)] Create directory failed for path
[0420/103245.494:WARNING:quota_manager.cc(1833)] Create directory failed for path
[0420/103245.504:WARNING:quota_manager.cc(1833)] Create directory failed for path
[0420/103245.543:WARNING:quota_manager.cc(1833)] Create directory failed for path
[0420/103245.543:WARNING:quota_manager.cc(1833)] Create directory failed for path
[0420/103246.312:WARNING:quota_manager.cc(1833)] Create directory failed for path
[0420/103247.611:WARNING:quota_manager.cc(1833)] Create directory failed for path
[0420/103249.136:WARNING:quota_manager.cc(1833)] Create directory failed for path
[0420/103250.157:WARNING:quota_manager.cc(1833)] Create directory failed for path
[0420/103252.375:WARNING:quota_manager.cc(1833)] Create directory failed for path
[0420/103252.704:WARNING:quota_manager.cc(1833)] Create directory failed for path
[0420/103253.096:WARNING:quota_manager.cc(1833)] Create directory failed for path
[0420/103253.191:WARNING:quota_manager.cc(1833)] Create directory failed for path
[0420/103253.249:WARNING:quota_manager.cc(1833)] Create directory failed for path
[0420/103253.252:WARNING:quota_manager.cc(1833)] Create directory failed for path
[0420/103253.254:WARNING:quota_manager.cc(1833)] Create directory failed for path
[0420/103253.256:WARNING:quota_manager.cc(1833)] Create directory failed for path
[0420/103253.259:WARNING:quota_manager.cc(1833)] Create directory failed for path
[0420/103253.420:WARNING:quota_manager.cc(1833)] Create directory failed for path
[0420/103253.421:WARNING:quota_manager.cc(1833)] Create directory failed for path
[0420/103253.423:WARNING:quota_manager.cc(1833)] Create directory failed for path
[0420/103253.424:WARNING:quota_manager.cc(1833)] Create directory failed for path
[0420/103253.425:WARNING:quota_manager.cc(1833)] Create directory failed for path
[0420/103253.427:WARNING:quota_manager.cc(1833)] Create directory failed for path
[0420/103253.430:WARNING:quota_manager.cc(1833)] Create directory failed for path
[0420/103253.432:WARNING:quota_manager.cc(1833)] Create directory failed for path
[0420/103253.434:WARNING:quota_manager.cc(1833)] Create directory failed for path
[0420/103253.435:WARNING:quota_manager.cc(1833)] Create directory failed for path
[0420/103253.437:WARNING:quota_manager.cc(1833)] Create directory failed for path
[0420/103253.440:WARNING:quota_manager.cc(1833)] Create directory failed for path
[0420/103253.606:WARNING:quota_manager.cc(1833)] Create directory failed for path
[0420/103253.619:WARNING:quota_manager.cc(1833)] Create directory failed for path
[0420/103253.684:WARNING:quota_manager.cc(1833)] Create directory failed for path
[0420/103253.693:WARNING:quota_manager.cc(1833)] Create directory failed for path
[0420/103253.764:WARNING:quota_manager.cc(1833)] Create directory failed for path
[0420/103253.909:WARNING:quota_manager.cc(1833)] Create directory failed for path
[0420/103253.972:WARNING:quota_manager.cc(1833)] Create directory failed for path
[0420/103254.587:WARNING:quota_manager.cc(1833)] Create directory failed for path
[0420/103254.970:WARNING:quota_manager.cc(1833)] Create directory failed for path
[0420/103256.514:WARNING:quota_manager.cc(1833)] Create directory failed for path
[0420/103257.041:WARNING:quota_manager.cc(1833)] Create directory failed for path
[0420/103257.641:WARNING:quota_manager.cc(1833)] Create directory failed for path
[0420/103302.955:WARNING:quota_manager.cc(1833)] Create directory failed for path
[0420/103302.956:WARNING:quota_manager.cc(1833)] Create directory failed for path
[0420/103302.959:WARNING:quota_manager.cc(1833)] Create directory failed for path
[0420/103302.962:WARNING:quota_manager.cc(1833)] Create directory failed for path
[0420/103302.964:WARNING:quota_manager.cc(1833)] Create directory failed for path
[0420/103302.967:WARNING:quota_manager.cc(1833)] Create directory failed for path
[0420/103302.994:WARNING:quota_manager.cc(1833)] Create directory failed for path
[0420/103302.997:WARNING:quota_manager.cc(1833)] Create directory failed for path
[0420/103302.999:WARNING:quota_manager.cc(1833)] Create directory failed for path
[0420/103303.001:WARNING:quota_manager.cc(1833)] Create directory failed for path
[0420/103303.002:WARNING:quota_manager.cc(1833)] Create directory failed for path
[0420/103303.035:WARNING:quota_manager.cc(1833)] Create directory failed for path
[0420/103303.036:WARNING:quota_manager.cc(1833)] Create directory failed for path
[0420/103303.178:WARNING:quota_manager.cc(1833)] Create directory failed for path
[0420/103303.553:WARNING:quota_manager.cc(1833)] Create directory failed for path
[0420/103303.583:WARNING:quota_manager.cc(1833)] Create directory failed for path
[0420/103304.504:WARNING:quota_manager.cc(1833)] Create directory failed for path
[0420/103305.562:WARNING:quota_manager.cc(1833)] Create directory failed for path
[0420/103307.188:WARNING:quota_manager.cc(1833)] Create directory failed for path
[0420/103308.763:WARNING:quota_manager.cc(1833)] Create directory failed for path
[0420/103309.255:WARNING:quota_manager.cc(1833)] Create directory failed for path
[0420/103309.256:WARNING:quota_manager.cc(1833)] Create directory failed for path
[0420/103309.659:WARNING:quota_manager.cc(1833)] Create directory failed for path
[0420/103310.476:WARNING:quota_manager.cc(1833)] Create directory failed for path
[0420/103311.181:WARNING:quota_manager.cc(1833)] Create directory failed for path
[0420/103315.823:WARNING:quota_manager.cc(1833)] Create directory failed for path
[0420/103315.902:WARNING:quota_manager.cc(1833)] Create directory failed for path
[0420/103315.904:WARNING:quota_manager.cc(1833)] Create directory failed for path
[0420/103315.905:WARNING:quota_manager.cc(1833)] Create directory failed for path
[0420/103315.911:WARNING:quota_manager.cc(1833)] Create directory failed for path
[0420/103315.921:WARNING:quota_manager.cc(1833)] Create directory failed for path
[0420/103315.923:WARNING:quota_manager.cc(1833)] Create directory failed for path
[0420/103316.038:WARNING:quota_manager.cc(1833)] Create directory failed for path
[0420/103316.045:WARNING:quota_manager.cc(1833)] Create directory failed for path
[0420/103316.049:WARNING:quota_manager.cc(1833)] Create directory failed for path
[0420/103316.052:WARNING:quota_manager.cc(1833)] Create directory failed for path
[0420/103316.102:WARNING:quota_manager.cc(1833)] Create directory failed for path
[0420/103316.103:WARNING:quota_manager.cc(1833)] Create directory failed for path
[0420/103316.112:WARNING:quota_manager.cc(1833)] Create directory failed for path
[0420/103316.116:WARNING:quota_manager.cc(1833)] Create directory failed for path
[0420/103316.118:WARNING:quota_manager.cc(1833)] Create directory failed for path
[0420/103316.171:WARNING:quota_manager.cc(1833)] Create directory failed for path
[0420/103317.038:WARNING:quota_manager.cc(1833)] Create directory failed for path
[0420/103318.498:WARNING:quota_manager.cc(1833)] Create directory failed for path
[0420/103319.469:WARNING:quota_manager.cc(1833)] Create directory failed for path
[0420/103319.499:WARNING:quota_manager.cc(1833)] Create directory failed for path
[0421/105551.970:ERROR:broker_win.cc(59)] Error reading broker pipe: The pipe has been ended. (0x6D)
[0421/105552.381:WARNING:quota_manager.cc(1833)] Create directory failed for path
[0421/105552.416:WARNING:quota_manager.cc(1833)] Create directory failed for path
[0421/105553.640:ERROR:broker_win.cc(59)] Error reading broker pipe: The pipe has been ended. (0x6D)
[0421/105554.076:WARNING:quota_manager.cc(1833)] Create directory failed for path
[0421/105554.197:WARNING:quota_manager.cc(1833)] Create directory failed for path
[0421/105554.770:WARNING:quota_manager.cc(1833)] Create directory failed for path
[0421/105554.807:WARNING:quota_manager.cc(1833)] Create directory failed for path
[0421/105554.812:WARNING:quota_manager.cc(1833)] Create directory failed for path
[0421/105714.011:WARNING:quota_manager.cc(1833)] Create directory failed for path
[0421/105714.018:WARNING:quota_manager.cc(1833)] Create directory failed for path
[0421/105816.072:WARNING:spdy_session.cc(2224)] Received HEADERS for invalid stream 109
[0422/155452.963:ERROR:broker_win.cc(59)] Error reading broker pipe: The pipe has been ended. (0x6D)
[0422/155454.876:ERROR:broker_win.cc(59)] Error reading broker pipe: The pipe has been ended. (0x6D)
[0422/155522.707:ERROR:broker_win.cc(59)] Error reading broker pipe: The pipe has been ended. (0x6D)
[0423/104043.050:ERROR:broker_win.cc(59)] Error reading broker pipe: The pipe has been ended. (0x6D)
[0424/142118.385:ERROR:broker_win.cc(59)] Error reading broker pipe: The pipe has been ended. (0x6D)
[0424/142118.405:ERROR:broker_win.cc(59)] Error reading broker pipe: The pipe has been ended. (0x6D)
[0518/111346.670:ERROR:broker_win.cc(59)] Error reading broker pipe: The pipe has been ended. (0x6D)
[0528/112905.849:ERROR:broker_win.cc(59)] Error reading broker pipe: The pipe has been ended. (0x6D)
[0528/112905.886:ERROR:broker_win.cc(59)] Error reading broker pipe: The pipe has been ended. (0x6D)
[0618/121628.571:WARNING:quota_manager.cc(1833)] Create directory failed for path
[0618/121628.572:WARNING:quota_manager.cc(1833)] Create directory failed for path
[0618/121700.716:WARNING:quota_manager.cc(1833)] Create directory failed for path
[0618/121700.717:WARNING:quota_manager.cc(1833)] Create directory failed for path
[0618/121812.610:WARNING:quota_manager.cc(1833)] Create directory failed for path
[0618/121812.610:WARNING:quota_manager.cc(1833)] Create directory failed for path
[0618/132657.510:WARNING:quota_manager.cc(1833)] Create directory failed for path
[0618/132657.510:WARNING:quota_manager.cc(1833)] Create directory failed for path
[0618/133056.895:WARNING:quota_manager.cc(1833)] Create directory failed for path
[0618/133056.895:WARNING:quota_manager.cc(1833)] Create directory failed for path
[0618/134056.554:WARNING:quota_manager.cc(1833)] Create directory failed for path
[0618/134056.555:WARNING:quota_manager.cc(1833)] Create directory failed for path
