
=== Thu Apr  2 12:35:29 2020

Packages were changed.
Update Mode: mergeDefaultDependencies

The following packages were added:
  com.unity.analytics@3.3.2
  com.unity.purchasing@2.0.6
  com.unity.ads@2.0.8
  com.unity.package-manager-ui@2.2.0
  com.unity.ext.nunit@1.0.0
  com.unity.test-framework@1.0.13
  com.unity.ide.vscode@1.0.4
  com.unity.ide.visualstudio@1.0.5
  com.unity.ide.rider@1.0.4
  com.unity.ugui@1.0.0
  com.unity.modules.androidjni@1.0.0
The following packages were updated:
  com.unity.collab-proxy from version 1.2.9 to 1.2.16
  com.unity.timeline from version 0.0.0-builtin to 1.1.0

<<<<<<< Updated upstream
=== Thu Jun 11 09:41:15 2020
=======
=== Fri May 29 13:27:47 2020
>>>>>>> Stashed changes

Packages were changed.
Update Mode: updateDependencies

The following packages were updated:
  com.unity.ads from version 2.0.8 to 3.4.5
  com.unity.analytics from version 3.3.2 to 3.3.5
  com.unity.ide.rider from version 1.0.4 to 1.1.4
  com.unity.ide.vscode from version 1.0.4 to 1.2.0
  com.unity.test-framework from version 1.0.13 to 1.1.14
  com.unity.textmeshpro from version 2.0.0 to 2.0.1
  com.unity.timeline from version 1.1.0 to 1.2.6
The following packages were removed:
  com.unity.package-manager-ui@2.2.0
